<?xml version="1.0" encoding="UTF-8"?>
<testsuite name="ru.stqa.pft.addressbook.tests.GroupCreationTests" tests="1" skipped="0" failures="0" errors="0" timestamp="2019-12-18T16:17:10" hostname="kravchenko-pc" time="5.699">
  <properties/>
  <testcase name="testGroupCreation[0](GroupData{id='2147483647', name='test 0'})" classname="ru.stqa.pft.addressbook.tests.GroupCreationTests" time="5.699"/>
  <system-out><![CDATA[Start test testGroupCreation with parameters [GroupData{id='2147483647', name='test 0'}]
Stop test testGroupCreation with parameters [GroupData{id='2147483647', name='test 0'}]
Hibernate: select groupdata0_.group_id as group_id1_2_, groupdata0_.group_footer as group_fo2_2_, groupdata0_.group_header as group_he3_2_, groupdata0_.group_name as group_na4_2_ from group_list groupdata0_
Hibernate: select groupdata0_.group_id as group_id1_2_, groupdata0_.group_footer as group_fo2_2_, groupdata0_.group_header as group_he3_2_, groupdata0_.group_name as group_na4_2_ from group_list groupdata0_
]]></system-out>
  <system-err><![CDATA[]]></system-err>
</testsuite>
