<?xml version="1.0" encoding="UTF-8"?>
<testsuite name="ru.stqa.pft.sandbox.PrimeTest" tests="2" skipped="0" failures="0" errors="0" timestamp="2019-12-18T09:07:50" hostname="kravchenko-pc" time="0.01">
  <properties/>
  <testcase name="testNoPrime" classname="ru.stqa.pft.sandbox.PrimeTest" time="0.008"/>
  <testcase name="testPrime" classname="ru.stqa.pft.sandbox.PrimeTest" time="0.002"/>
  <system-out><![CDATA[]]></system-out>
  <system-err><![CDATA[]]></system-err>
</testsuite>
